<?xml version="1.0" encoding="UTF-8"?>
<!-- Generated by org.testng.reporters.JUnitReportReporter -->
<testsuite hostname="ajay-singh-lodhi" failures="1" tests="32" name="grit_controls.Imagefile" time="1103.354" errors="0" timestamp="2023-08-28T11:04:58 IST" skipped="0">
  <testcase classname="grit_controls.Imagefile" name="test27" time="36.291"/>
  <system-out/>
  <testcase classname="grit_controls.Imagefile" name="test06" time="25.126"/>
  <system-out/>
  <testcase classname="grit_controls.Imagefile" name="test24" time="26.344"/>
  <system-out/>
  <testcase classname="grit_controls.Imagefile" name="test29" time="33.377"/>
  <system-out/>
  <testcase classname="grit_controls.Imagefile" name="test09" time="39.993"/>
  <system-out/>
  <testcase classname="grit_controls.Imagefile" name="test04" time="36.301"/>
  <system-out/>
  <testcase classname="grit_controls.Imagefile" name="test15" time="39.344"/>
  <system-out/>
  <testcase classname="grit_controls.Imagefile" name="test11" time="36.816"/>
  <system-out/>
  <testcase classname="grit_controls.Imagefile" name="test14" time="40.356"/>
  <system-out/>
  <testcase classname="grit_controls.Imagefile" name="test13" time="33.808"/>
  <system-out/>
  <testcase classname="grit_controls.Imagefile" name="test20" time="38.573"/>
  <system-out/>
  <testcase classname="grit_controls.Imagefile" name="test22" time="35.254"/>
  <system-out/>
  <testcase classname="grit_controls.Imagefile" name="test23" time="34.425"/>
  <system-out/>
  <testcase classname="grit_controls.Imagefile" name="test12" time="29.032"/>
  <system-out/>
  <testcase classname="grit_controls.Imagefile" name="test16" time="34.479"/>
  <system-out/>
  <testcase classname="grit_controls.Imagefile" name="test28" time="33.912"/>
  <system-out/>
  <testcase classname="grit_controls.Imagefile" name="test17" time="33.723"/>
  <system-out/>
  <testcase classname="grit_controls.Imagefile" name="test19" time="31.707"/>
  <system-out/>
  <testcase classname="grit_controls.Imagefile" name="test18" time="26.016"/>
  <system-out/>
  <testcase classname="grit_controls.Imagefile" name="test25" time="31.841"/>
  <system-out/>
  <testcase classname="grit_controls.Imagefile" name="test01" time="32.394"/>
  <system-out/>
  <testcase classname="grit_controls.Imagefile" name="test21" time="37.253">
    <failure message="expected [Downloading Image file is restricted] but found []" type="java.lang.AssertionError">
      <![CDATA[java.lang.AssertionError: expected [Downloading Image file is restricted] but found []
at org.testng.Assert.fail(Assert.java:99)
at org.testng.Assert.failNotEquals(Assert.java:1037)
at org.testng.Assert.assertEqualsImpl(Assert.java:140)
at org.testng.Assert.assertEquals(Assert.java:122)
at org.testng.Assert.assertEquals(Assert.java:629)
at org.testng.Assert.assertEquals(Assert.java:639)
at grit_controls.Imagefile.test21(Imagefile.java:1812)
at java.base/jdk.internal.reflect.NativeMethodAccessorImpl.invoke0(Native Method)
at java.base/jdk.internal.reflect.NativeMethodAccessorImpl.invoke(NativeMethodAccessorImpl.java:78)
at java.base/jdk.internal.reflect.DelegatingMethodAccessorImpl.invoke(DelegatingMethodAccessorImpl.java:43)
at java.base/java.lang.reflect.Method.invoke(Method.java:567)
at org.testng.internal.MethodInvocationHelper.invokeMethod(MethodInvocationHelper.java:133)
at org.testng.internal.TestInvoker.invokeMethod(TestInvoker.java:598)
at org.testng.internal.TestInvoker.invokeTestMethod(TestInvoker.java:173)
at org.testng.internal.MethodRunner.runInSequence(MethodRunner.java:46)
at org.testng.internal.TestInvoker$MethodInvocationAgent.invoke(TestInvoker.java:824)
at org.testng.internal.TestInvoker.invokeTestMethods(TestInvoker.java:146)
at org.testng.internal.TestMethodWorker.invokeTestMethods(TestMethodWorker.java:146)
at org.testng.internal.TestMethodWorker.run(TestMethodWorker.java:128)
at java.base/java.util.ArrayList.forEach(ArrayList.java:1511)
at org.testng.TestRunner.privateRun(TestRunner.java:794)
at org.testng.TestRunner.run(TestRunner.java:596)
at org.testng.SuiteRunner.runTest(SuiteRunner.java:377)
at org.testng.SuiteRunner.runSequentially(SuiteRunner.java:371)
at org.testng.SuiteRunner.privateRun(SuiteRunner.java:332)
at org.testng.SuiteRunner.run(SuiteRunner.java:276)
at org.testng.SuiteRunnerWorker.runSuite(SuiteRunnerWorker.java:53)
at org.testng.SuiteRunnerWorker.run(SuiteRunnerWorker.java:96)
at org.testng.TestNG.runSuitesSequentially(TestNG.java:1212)
at org.testng.TestNG.runSuitesLocally(TestNG.java:1134)
at org.testng.TestNG.runSuites(TestNG.java:1063)
at org.testng.TestNG.run(TestNG.java:1031)
at org.testng.remote.AbstractRemoteTestNG.run(AbstractRemoteTestNG.java:115)
at org.testng.remote.RemoteTestNG.initAndRun(RemoteTestNG.java:251)
at org.testng.remote.RemoteTestNG.main(RemoteTestNG.java:77)
]]>
    </failure>
  </testcase> <!-- test21 -->
  <system-out/>
  <testcase classname="grit_controls.Imagefile" name="test08" time="41.073"/>
  <system-out/>
  <testcase classname="grit_controls.Imagefile" name="test05" time="33.536"/>
  <system-out/>
  <testcase classname="grit_controls.Imagefile" name="test03" time="38.295"/>
  <system-out/>
  <testcase classname="grit_controls.Imagefile" name="test10" time="38.010"/>
  <system-out/>
  <testcase classname="grit_controls.Imagefile" name="test26" time="37.644"/>
  <system-out/>
  <testcase classname="grit_controls.Imagefile" name="test" time="43.281"/>
  <system-out/>
  <testcase classname="grit_controls.Imagefile" name="test02" time="35.605"/>
  <system-out/>
  <testcase classname="grit_controls.Imagefile" name="test30" time="25.947"/>
  <system-out/>
  <testcase classname="grit_controls.Imagefile" name="test07" time="31.939"/>
  <system-out/>
  <testcase classname="grit_controls.Imagefile" name="test31" time="31.659"/>
  <system-out/>
</testsuite> <!-- grit_controls.Imagefile -->
