<?xml version="1.0" encoding="UTF-8"?>
<!-- Generated by org.testng.reporters.JUnitReportReporter -->
<testsuite hostname="ajay-singh-lodhi" failures="1" tests="33" name="grit_controls.Recall" time="1091.633" errors="0" timestamp="2023-09-06T13:05:30 IST" skipped="0">
  <testcase classname="grit_controls.Recall" name="test06" time="37.615"/>
  <system-out/>
  <testcase classname="grit_controls.Recall" name="test16" time="31.661"/>
  <system-out/>
  <testcase classname="grit_controls.Recall" name="test21" time="32.674"/>
  <system-out/>
  <testcase classname="grit_controls.Recall" name="test13" time="34.095"/>
  <system-out/>
  <testcase classname="grit_controls.Recall" name="test10" time="26.647"/>
  <system-out/>
  <testcase classname="grit_controls.Recall" name="test18" time="33.546"/>
  <system-out/>
  <testcase classname="grit_controls.Recall" name="test29" time="25.126"/>
  <system-out/>
  <testcase classname="grit_controls.Recall" name="test" time="27.228"/>
  <system-out/>
  <testcase classname="grit_controls.Recall" name="test24" time="37.941"/>
  <system-out/>
  <testcase classname="grit_controls.Recall" name="test25" time="33.183"/>
  <system-out/>
  <testcase classname="grit_controls.Recall" name="test31" time="25.122"/>
  <system-out/>
  <testcase classname="grit_controls.Recall" name="test15" time="33.214"/>
  <system-out/>
  <testcase classname="grit_controls.Recall" name="test17" time="28.503"/>
  <system-out/>
  <testcase classname="grit_controls.Recall" name="test02" time="34.728"/>
  <system-out/>
  <testcase classname="grit_controls.Recall" name="test19" time="32.735"/>
  <system-out/>
  <testcase classname="grit_controls.Recall" name="test14" time="32.217"/>
  <system-out/>
  <testcase classname="grit_controls.Recall" name="test27" time="38.328"/>
  <system-out/>
  <testcase classname="grit_controls.Recall" name="test26" time="37.380"/>
  <system-out/>
  <testcase classname="grit_controls.Recall" name="test12" time="33.522"/>
  <system-out/>
  <testcase classname="grit_controls.Recall" name="test04" time="31.560"/>
  <system-out/>
  <testcase classname="grit_controls.Recall" name="test22" time="37.410"/>
  <system-out/>
  <testcase classname="grit_controls.Recall" name="test23" time="33.431"/>
  <system-out/>
  <testcase classname="grit_controls.Recall" name="test20" time="37.658"/>
  <system-out/>
  <testcase classname="grit_controls.Recall" name="test03" time="34.512"/>
  <system-out/>
  <testcase classname="grit_controls.Recall" name="test30" time="37.766"/>
  <system-out/>
  <testcase classname="grit_controls.Recall" name="test11" time="29.302"/>
  <system-out/>
  <testcase classname="grit_controls.Recall" name="test01" time="33.387"/>
  <system-out/>
  <testcase classname="grit_controls.Recall" name="test32" time="25.014"/>
  <system-out/>
  <testcase classname="grit_controls.Recall" name="test28" time="29.207">
    <failure message="expected [Message Recalled!] but found [message id&#039;s are missing]" type="java.lang.AssertionError">
      <![CDATA[java.lang.AssertionError: expected [Message Recalled!] but found [message id's are missing]
at org.testng.Assert.fail(Assert.java:99)
at org.testng.Assert.failNotEquals(Assert.java:1037)
at org.testng.Assert.assertEqualsImpl(Assert.java:140)
at org.testng.Assert.assertEquals(Assert.java:122)
at org.testng.Assert.assertEquals(Assert.java:629)
at org.testng.Assert.assertEquals(Assert.java:639)
at grit_controls.Recall.test28(Recall.java:2745)
at java.base/jdk.internal.reflect.NativeMethodAccessorImpl.invoke0(Native Method)
at java.base/jdk.internal.reflect.NativeMethodAccessorImpl.invoke(NativeMethodAccessorImpl.java:78)
at java.base/jdk.internal.reflect.DelegatingMethodAccessorImpl.invoke(DelegatingMethodAccessorImpl.java:43)
at java.base/java.lang.reflect.Method.invoke(Method.java:567)
at org.testng.internal.MethodInvocationHelper.invokeMethod(MethodInvocationHelper.java:133)
at org.testng.internal.TestInvoker.invokeMethod(TestInvoker.java:598)
at org.testng.internal.TestInvoker.invokeTestMethod(TestInvoker.java:173)
at org.testng.internal.MethodRunner.runInSequence(MethodRunner.java:46)
at org.testng.internal.TestInvoker$MethodInvocationAgent.invoke(TestInvoker.java:824)
at org.testng.internal.TestInvoker.invokeTestMethods(TestInvoker.java:146)
at org.testng.internal.TestMethodWorker.invokeTestMethods(TestMethodWorker.java:146)
at org.testng.internal.TestMethodWorker.run(TestMethodWorker.java:128)
at java.base/java.util.ArrayList.forEach(ArrayList.java:1511)
at org.testng.TestRunner.privateRun(TestRunner.java:794)
at org.testng.TestRunner.run(TestRunner.java:596)
at org.testng.SuiteRunner.runTest(SuiteRunner.java:377)
at org.testng.SuiteRunner.runSequentially(SuiteRunner.java:371)
at org.testng.SuiteRunner.privateRun(SuiteRunner.java:332)
at org.testng.SuiteRunner.run(SuiteRunner.java:276)
at org.testng.SuiteRunnerWorker.runSuite(SuiteRunnerWorker.java:53)
at org.testng.SuiteRunnerWorker.run(SuiteRunnerWorker.java:96)
at org.testng.TestNG.runSuitesSequentially(TestNG.java:1212)
at org.testng.TestNG.runSuitesLocally(TestNG.java:1134)
at org.testng.TestNG.runSuites(TestNG.java:1063)
at org.testng.TestNG.run(TestNG.java:1031)
at org.testng.remote.AbstractRemoteTestNG.run(AbstractRemoteTestNG.java:115)
at org.testng.remote.RemoteTestNG.initAndRun(RemoteTestNG.java:251)
at org.testng.remote.RemoteTestNG.main(RemoteTestNG.java:77)
]]>
    </failure>
  </testcase> <!-- test28 -->
  <system-out/>
  <testcase classname="grit_controls.Recall" name="test07" time="39.643"/>
  <system-out/>
  <testcase classname="grit_controls.Recall" name="test08" time="39.652"/>
  <system-out/>
  <testcase classname="grit_controls.Recall" name="test09" time="36.553"/>
  <system-out/>
  <testcase classname="grit_controls.Recall" name="test05" time="31.073"/>
  <system-out/>
</testsuite> <!-- grit_controls.Recall -->
